c:\users\kengkami\source\repos\promc\promc\debug\promc.pch
c:\users\kengkami\source\repos\promc\promc\debug\vc141.pdb
c:\users\kengkami\source\repos\promc\promc\debug\vc141.idb
c:\users\kengkami\source\repos\promc\promc\debug\pch.obj
c:\users\kengkami\source\repos\promc\promc\debug\promc.obj
c:\users\kengkami\source\repos\promc\debug\promc.exe
c:\users\kengkami\source\repos\promc\debug\promc.ilk
c:\users\kengkami\source\repos\promc\debug\promc.pdb
c:\users\yang\desktop\promc\promc\debug\pch.obj
c:\users\yang\desktop\promc\promc\debug\promc.obj
c:\users\yang\desktop\promc\promc\debug\promc.pch
c:\users\yang\desktop\promc\promc\debug\vc141.idb
c:\users\yang\desktop\promc\promc\debug\vc141.pdb
c:\users\yang\desktop\promc\debug\promc.pdb
c:\users\yang\desktop\promc\debug\promc.exe
c:\users\yang\desktop\promc\debug\promc.ilk
c:\users\yang\desktop\promc\promc\debug\promc.tlog\cl.command.1.tlog
c:\users\yang\desktop\promc\promc\debug\promc.tlog\cl.read.1.tlog
c:\users\yang\desktop\promc\promc\debug\promc.tlog\cl.write.1.tlog
c:\users\yang\desktop\promc\promc\debug\promc.tlog\link.command.1.tlog
c:\users\yang\desktop\promc\promc\debug\promc.tlog\link.read.1.tlog
c:\users\yang\desktop\promc\promc\debug\promc.tlog\link.write.1.tlog
